#
# There is insufficient memory for the Java Runtime Environment to continue.
# Native memory allocation (malloc) failed to allocate 928976 bytes for Chunk::new
# Possible reasons:
#   The system is out of physical RAM or swap space
#   In 32 bit mode, the process size limit was hit
# Possible solutions:
#   Reduce memory load on the system
#   Increase physical memory or swap space
#   Check if swap backing store is full
#   Use 64 bit Java on a 64 bit OS
#   Decrease Java heap size (-Xmx/-Xms)
#   Decrease number of Java threads
#   Decrease Java thread stack sizes (-Xss)
#   Set larger code cache with -XX:ReservedCodeCacheSize=
# This output file may be truncated or incomplete.
#
#  Out of Memory Error (allocation.cpp:390), pid=15356, tid=0x000000000000081c
#
# JRE version: Java(TM) SE Runtime Environment (8.0_191-b12) (build 1.8.0_191-b12)
# Java VM: Java HotSpot(TM) 64-Bit Server VM (25.191-b12 mixed mode windows-amd64 compressed oops)
# Failed to write core dump. Minidumps are not enabled by default on client versions of Windows
#

---------------  T H R E A D  ---------------

Current thread (0x0000000018614800):  JavaThread "C2 CompilerThread2" daemon [_thread_in_native, id=2076, stack(0x0000000019cf0000,0x0000000019df0000)]

Stack: [0x0000000019cf0000,0x0000000019df0000]
[error occurred during error reporting (printing stack bounds), id 0xc0000005]

Native frames: (J=compiled Java code, j=interpreted, Vv=VM code, C=native code)


Current CompileTask:
C2:3778905 31001       4       com.android.tools.r8.ir.conversion.X::a (720 bytes)


---------------  P R O C E S S  ---------------

Java Threads: ( => current thread )
  0x000000001ebe1000 JavaThread "WorkerExecutor Queue Thread 12" [_thread_blocked, id=3088, stack(0x000000003d2e0000,0x000000003d3e0000)]
  0x000000001ebde000 JavaThread "WorkerExecutor Queue Thread 11" [_thread_blocked, id=14148, stack(0x000000003d1e0000,0x000000003d2e0000)]
  0x0000000024725800 JavaThread "WorkerExecutor Queue Thread 10" [_thread_in_native, id=8044, stack(0x000000003d0e0000,0x000000003d1e0000)]
  0x0000000024723000 JavaThread "WorkerExecutor Queue Thread 9" [_thread_blocked, id=9104, stack(0x000000003bfc0000,0x000000003c0c0000)]
  0x0000000024724800 JavaThread "WorkerExecutor Queue Thread 8" [_thread_blocked, id=12564, stack(0x000000003bec0000,0x000000003bfc0000)]
  0x0000000024722800 JavaThread "WorkerExecutor Queue Thread 7" [_thread_blocked, id=10060, stack(0x000000003bdc0000,0x000000003bec0000)]
  0x000000002471b000 JavaThread "WorkerExecutor Queue Thread 6" [_thread_blocked, id=2640, stack(0x000000003bcc0000,0x000000003bdc0000)]
  0x000000002471a000 JavaThread "WorkerExecutor Queue Thread 5" [_thread_blocked, id=8176, stack(0x0000000039b50000,0x0000000039c50000)]
  0x0000000024721000 JavaThread "WorkerExecutor Queue Thread 4" [_thread_blocked, id=3936, stack(0x0000000039a50000,0x0000000039b50000)]
  0x0000000024719800 JavaThread "WorkerExecutor Queue Thread 3" [_thread_blocked, id=2756, stack(0x0000000039710000,0x0000000039810000)]
  0x0000000024720000 JavaThread "WorkerExecutor Queue Thread 2" [_thread_blocked, id=6336, stack(0x0000000039610000,0x0000000039710000)]
  0x000000002471f800 JavaThread "ForkJoinPool.commonPool-worker-0" daemon [_thread_blocked, id=9968, stack(0x0000000039510000,0x0000000039610000)]
  0x0000000024718800 JavaThread "ForkJoinPool.commonPool-worker-7" daemon [_thread_blocked, id=11916, stack(0x0000000039410000,0x0000000039510000)]
  0x00000000362d6000 JavaThread "ForkJoinPool.commonPool-worker-14" daemon [_thread_blocked, id=4212, stack(0x0000000039310000,0x0000000039410000)]
  0x00000000362d5000 JavaThread "ForkJoinPool.commonPool-worker-5" daemon [_thread_blocked, id=14304, stack(0x0000000039210000,0x0000000039310000)]
  0x00000000362d4800 JavaThread "ForkJoinPool.commonPool-worker-12" daemon [_thread_blocked, id=2880, stack(0x0000000039110000,0x0000000039210000)]
  0x00000000362cf000 JavaThread "Cache worker for Java compile cache (F:\android\eduminication\.gradle\5.4.1\javaCompile)" [_thread_blocked, id=14844, stack(0x0000000039010000,0x0000000039110000)]
  0x00000000362ca800 JavaThread "WorkerExecutor Queue" [_thread_blocked, id=3076, stack(0x0000000038f10000,0x0000000039010000)]
  0x00000000362c7800 JavaThread "RMI TCP Connection(50)-127.0.0.1" daemon [_thread_in_native, id=1588, stack(0x0000000038e10000,0x0000000038f10000)]
  0x00000000362cb800 JavaThread "RMI RenewClean-[127.0.0.1:17065,org.jetbrains.kotlin.daemon.common.LoopbackNetworkInterface$ClientLoopbackSocketFactory@629b57c5]" daemon [_thread_blocked, id=11448, stack(0x0000000038d10000,0x0000000038e10000)]
  0x00000000362ce800 JavaThread "RMI TCP Connection(48)-127.0.0.1" daemon [_thread_in_native, id=1840, stack(0x0000000038c10000,0x0000000038d10000)]
  0x00000000362c7000 JavaThread "RMI RenewClean-[127.0.0.1:17065,org.jetbrains.kotlin.daemon.common.LoopbackNetworkInterface$ClientLoopbackSocketFactory@53f58641]" daemon [_thread_blocked, id=12508, stack(0x0000000038b10000,0x0000000038c10000)]
  0x0000000021219800 JavaThread "RMI TCP Connection(49)-127.0.0.1" daemon [_thread_in_native, id=9972, stack(0x000000002c1b0000,0x000000002c2b0000)]
  0x0000000021219000 JavaThread "RMI RenewClean-[127.0.0.1:17065,org.jetbrains.kotlin.daemon.common.LoopbackNetworkInterface$ClientLoopbackSocketFactory@214f650f]" daemon [_thread_blocked, id=15476, stack(0x000000002a0b0000,0x000000002a1b0000)]
  0x0000000021216800 JavaThread "Cache worker for execution history cache (F:\android\eduminication\.gradle\5.4.1\executionHistory)" [_thread_blocked, id=15408, stack(0x00000000297b0000,0x00000000298b0000)]
  0x0000000021218000 JavaThread "Execution worker for ':' Thread 11" [_thread_blocked, id=14748, stack(0x00000000296b0000,0x00000000297b0000)]
  0x0000000021216000 JavaThread "Execution worker for ':' Thread 10" [_thread_blocked, id=14756, stack(0x00000000295b0000,0x00000000296b0000)]
  0x0000000021217800 JavaThread "Execution worker for ':' Thread 9" [_thread_blocked, id=13188, stack(0x0000000028fb0000,0x00000000290b0000)]
  0x000000002121a800 JavaThread "Execution worker for ':' Thread 8" [_thread_blocked, id=13816, stack(0x0000000028c40000,0x0000000028d40000)]
  0x000000002120e800 JavaThread "Execution worker for ':' Thread 7" [_thread_blocked, id=4356, stack(0x0000000028b40000,0x0000000028c40000)]
  0x0000000021215000 JavaThread "Execution worker for ':' Thread 6" [_thread_blocked, id=10656, stack(0x0000000028920000,0x0000000028a20000)]
  0x0000000021210000 JavaThread "Execution worker for ':' Thread 5" [_thread_blocked, id=10620, stack(0x0000000028720000,0x0000000028820000)]
  0x000000002120d800 JavaThread "Execution worker for ':' Thread 4" [_thread_blocked, id=16016, stack(0x0000000028420000,0x0000000028520000)]
  0x0000000021214800 JavaThread "Execution worker for ':' Thread 3" [_thread_blocked, id=5500, stack(0x0000000028320000,0x0000000028420000)]
  0x0000000021213800 JavaThread "Execution worker for ':' Thread 2" [_thread_blocked, id=13848, stack(0x0000000028220000,0x0000000028320000)]
  0x000000001af77800 JavaThread "Execution worker for ':'" [_thread_blocked, id=1864, stack(0x0000000027d20000,0x0000000027e20000)]
  0x000000001af76800 JavaThread "Cache worker for file content cache (F:\android\eduminication\.gradle\5.4.1\fileContent)" [_thread_blocked, id=3144, stack(0x0000000027c20000,0x0000000027d20000)]
  0x000000001af76000 JavaThread "Cache worker for Build Output Cleanup Cache (F:\android\eduminication\.gradle\buildOutputCleanup)" [_thread_blocked, id=7832, stack(0x0000000025b70000,0x0000000025c70000)]
  0x000000001af6f000 JavaThread "Build operations Thread 12" [_thread_blocked, id=9336, stack(0x0000000022eb0000,0x0000000022fb0000)]
  0x000000001af6e800 JavaThread "Build operations Thread 11" [_thread_blocked, id=14128, stack(0x0000000022db0000,0x0000000022eb0000)]
  0x000000001af75000 JavaThread "Build operations Thread 10" [_thread_blocked, id=14020, stack(0x0000000022cb0000,0x0000000022db0000)]
  0x000000001af6d800 JavaThread "Build operations Thread 9" [_thread_blocked, id=13344, stack(0x0000000022bb0000,0x0000000022cb0000)]
  0x000000001af74800 JavaThread "Build operations Thread 8" [_thread_blocked, id=12964, stack(0x0000000022ab0000,0x0000000022bb0000)]
  0x000000001af6d000 JavaThread "Build operations Thread 7" [_thread_blocked, id=7364, stack(0x00000000229b0000,0x0000000022ab0000)]
  0x000000001af6b800 JavaThread "Build operations Thread 6" [_thread_blocked, id=12056, stack(0x00000000228b0000,0x00000000229b0000)]
  0x000000001af72000 JavaThread "Build operations Thread 5" [_thread_blocked, id=5168, stack(0x00000000227b0000,0x00000000228b0000)]
  0x000000001af71800 JavaThread "Build operations Thread 4" [_thread_blocked, id=8892, stack(0x00000000226b0000,0x00000000227b0000)]
  0x000000001af69000 JavaThread "Build operations Thread 3" [_thread_blocked, id=12784, stack(0x00000000225b0000,0x00000000226b0000)]
  0x000000001af6a800 JavaThread "Build operations Thread 2" [_thread_blocked, id=14968, stack(0x00000000224b0000,0x00000000225b0000)]
  0x000000001af68800 JavaThread "Build operations" [_thread_blocked, id=2636, stack(0x00000000208e0000,0x00000000209e0000)]
  0x0000000024579800 JavaThread "Cache worker for cache directory md-rule (C:\Users\Administrator\.gradle\caches\5.4.1\md-rule)" [_thread_blocked, id=424, stack(0x00000000207e0000,0x00000000208e0000)]
  0x000000002457f800 JavaThread "Cache worker for cache directory md-supplier (C:\Users\Administrator\.gradle\caches\5.4.1\md-supplier)" [_thread_blocked, id=3264, stack(0x000000001fee0000,0x000000001ffe0000)]
  0x000000002457e000 JavaThread "Cache worker for file hash cache (F:\android\eduminication\.gradle\5.4.1\fileHashes)" [_thread_blocked, id=5864, stack(0x000000001d740000,0x000000001d840000)]
  0x000000002457d000 JavaThread "Thread-585" [_thread_blocked, id=12712, stack(0x000000001d440000,0x000000001d540000)]
  0x000000002457a000 JavaThread "Stdin handler" [_thread_blocked, id=5316, stack(0x000000001d240000,0x000000001d340000)]
  0x0000000024570800 JavaThread "Asynchronous log dispatcher for DefaultDaemonConnection: socket connection from /127.0.0.1:7265 to /127.0.0.1:4248" [_thread_blocked, id=3436, stack(0x000000001cf40000,0x000000001d040000)]
  0x0000000024575000 JavaThread "Daemon worker Thread 11" [_thread_blocked, id=6768, stack(0x000000001ce40000,0x000000001cf40000)]
  0x0000000024574000 JavaThread "Cancel handler" [_thread_blocked, id=15376, stack(0x0000000000ea0000,0x0000000000fa0000)]
  0x0000000024577000 JavaThread "Handler for socket connection from /127.0.0.1:7265 to /127.0.0.1:4248" [_thread_in_native, id=7032, stack(0x0000000000da0000,0x0000000000ea0000)]
  0x0000000024572000 JavaThread "Daemon Thread 11" [_thread_blocked, id=7292, stack(0x0000000000ca0000,0x0000000000da0000)]
  0x0000000024572800 JavaThread "Cache worker for Java compile cache (C:\Users\Administrator\.gradle\caches\5.4.1\javaCompile)" [_thread_blocked, id=10764, stack(0x0000000028820000,0x0000000028920000)]
  0x0000000024578800 JavaThread "RMI Reaper" [_thread_blocked, id=7736, stack(0x00000000292b0000,0x00000000293b0000)]
  0x0000000024578000 JavaThread "RMI TCP Accept-0" daemon [_thread_in_native, id=15436, stack(0x00000000291b0000,0x00000000292b0000)]
  0x0000000024576800 JavaThread "GC Daemon" daemon [_thread_blocked, id=7488, stack(0x00000000290b0000,0x00000000291b0000)]
  0x0000000024575800 JavaThread "RMI Scheduler(0)" daemon [_thread_blocked, id=7144, stack(0x0000000028a40000,0x0000000028b40000)]
  0x000000001ebea800 JavaThread "Cache worker for file content cache (C:\Users\Administrator\.gradle\caches\5.4.1\fileContent)" [_thread_blocked, id=16104, stack(0x0000000027720000,0x0000000027820000)]
  0x000000001ebdf800 JavaThread "Memory manager" [_thread_blocked, id=15216, stack(0x0000000023620000,0x0000000023720000)]
  0x000000001e072000 JavaThread "Cache worker for execution history cache (C:\Users\Administrator\.gradle\caches\5.4.1\executionHistory)" [_thread_blocked, id=1952, stack(0x00000000209e0000,0x0000000020ae0000)]
  0x0000000018615000 JavaThread "Cache worker for journal cache (C:\Users\Administrator\.gradle\caches\journal-1)" [_thread_blocked, id=10552, stack(0x000000001dc40000,0x000000001dd40000)]
  0x000000001861c000 JavaThread "File lock request listener" [_thread_in_native, id=10080, stack(0x000000001db40000,0x000000001dc40000)]
  0x0000000018618000 JavaThread "Cache worker for file hash cache (C:\Users\Administrator\.gradle\caches\5.4.1\fileHashes)" [_thread_blocked, id=10548, stack(0x000000001d840000,0x000000001d940000)]
  0x000000001ae3a800 JavaThread "Daemon periodic checks" [_thread_blocked, id=5556, stack(0x000000001cd40000,0x000000001ce40000)]
  0x000000001b4d1000 JavaThread "Incoming local TCP Connector on port 7265" [_thread_in_native, id=10572, stack(0x000000001cb90000,0x000000001cc90000)]
  0x000000001b26e000 JavaThread "Daemon health stats" [_thread_blocked, id=12360, stack(0x000000001c890000,0x000000001c990000)]
  0x00000000186a1800 JavaThread "Service Thread" daemon [_thread_blocked, id=14104, stack(0x0000000019ef0000,0x0000000019ff0000)]
  0x0000000018619800 JavaThread "C1 CompilerThread3" daemon [_thread_blocked, id=7408, stack(0x0000000019df0000,0x0000000019ef0000)]
=>0x0000000018614800 JavaThread "C2 CompilerThread2" daemon [_thread_in_native, id=2076, stack(0x0000000019cf0000,0x0000000019df0000)]
  0x000000001860a800 JavaThread "C2 CompilerThread1" daemon [_thread_in_native, id=9636, stack(0x0000000019bf0000,0x0000000019cf0000)]
  0x0000000018603800 JavaThread "C2 CompilerThread0" daemon [_thread_in_native, id=9956, stack(0x0000000019af0000,0x0000000019bf0000)]
  0x0000000018601000 JavaThread "Attach Listener" daemon [_thread_blocked, id=2352, stack(0x00000000199f0000,0x0000000019af0000)]
  0x00000000185ae800 JavaThread "Signal Dispatcher" daemon [_thread_blocked, id=12848, stack(0x00000000198f0000,0x00000000199f0000)]
  0x0000000002f0b000 JavaThread "Finalizer" daemon [_thread_blocked, id=11588, stack(0x00000000197f0000,0x00000000198f0000)]
  0x0000000016ecd800 JavaThread "Reference Handler" daemon [_thread_blocked, id=6744, stack(0x00000000196f0000,0x00000000197f0000)]
  0x0000000002e12800 JavaThread "main" [_thread_blocked, id=13124, stack(0x0000000002d10000,0x0000000002e10000)]

Other Threads:
  0x0000000016ec6800 VMThread [stack: 0x00000000195f0000,0x00000000196f0000] [id=10840]
  0x00000000186b3800 WatcherThread [stack: 0x0000000019ff0000,0x000000001a0f0000] [id=10136]

VM state:not at safepoint (normal execution)

VM Mutex/Monitor currently owned by a thread: None

Heap:
 PSYoungGen      total 416768K, used 337050K [0x00000000e0000000, 0x00000000fd500000, 0x0000000100000000)
  eden space 392192K, 85% used [0x00000000e0000000,0x00000000f4926af0,0x00000000f7f00000)
  from space 24576K, 0% used [0x00000000f7f00000,0x00000000f7f00000,0x00000000f9700000)
  to   space 44032K, 0% used [0x00000000faa00000,0x00000000faa00000,0x00000000fd500000)
 ParOldGen       total 428032K, used 95193K [0x00000000a0000000, 0x00000000ba200000, 0x00000000e0000000)
  object space 428032K, 22% used [0x00000000a0000000,0x00000000a5cf6718,0x00000000ba200000)
 Metaspace       used 110740K, capacity 118668K, committed 124032K, reserved 1157120K
  class space    used 14538K, capacity 15825K, committed 16768K, reserved 1048576K

Card table byte_map: [0x00000000122d0000,0x00000000125e0000] byte_map_base: 0x0000000011dd0000

Marking Bits: (ParMarkBitMap*) 0x000000005dca3e30
 Begin Bits: [0x00000000131e0000, 0x00000000149e0000)
 End Bits:   [0x00000000149e0000, 0x00000000161e0000)

Polling page: 0x00000000007e0000

CodeCache: size=245760Kb used=80961Kb max_used=80987Kb free=164799Kb
 bounds [0x0000000002f10000, 0x0000000007eb0000, 0x0000000011f10000]
 total_blobs=24167 nmethods=23253 adapters=823
 compilation: enabled

Compilation events (10 events):
Event: 3778.814 Thread 0x0000000018619800 31045       1       org.gradle.workers.internal.NoIsolationWorkerFactory::access$000 (5 bytes)
Event: 3778.814 Thread 0x0000000018619800 nmethod 31045 0x0000000007e815d0 code [0x0000000007e81720, 0x0000000007e81810]
Event: 3778.814 Thread 0x0000000018619800 31046       1       org.gradle.workers.internal.DefaultWorkResult::getException (5 bytes)
Event: 3778.814 Thread 0x0000000018619800 nmethod 31046 0x0000000007e81890 code [0x0000000007e819e0, 0x0000000007e81af0]
Event: 3778.816 Thread 0x0000000018619800 31047       3       org.gradle.process.internal.JvmOptions::copyTo (82 bytes)
Event: 3778.817 Thread 0x0000000018619800 nmethod 31047 0x0000000007e81b50 code [0x0000000007e81d60, 0x0000000007e82808]
Event: 3778.821 Thread 0x0000000018619800 31048       3       com.google.wireless.android.sdk.stats.GradleBuildProfileSpan$Builder::getId (5 bytes)
Event: 3778.821 Thread 0x0000000018619800 nmethod 31048 0x0000000007e82c10 code [0x0000000007e82d60, 0x0000000007e82eb0]
Event: 3778.852 Thread 0x0000000018603800 nmethod 30982 0x0000000007e8c750 code [0x0000000007e8d160, 0x0000000007e93510]
Event: 3778.852 Thread 0x0000000018603800 31024       4       com.android.tools.r8.ir.conversion.N::a (134 bytes)

GC Heap History (10 events):
Event: 2593.627 GC heap before
{Heap before GC invocations=54 (full 4):
 PSYoungGen      total 464896K, used 464796K [0x00000000e0000000, 0x00000000ff780000, 0x0000000100000000)
  eden space 427520K, 100% used [0x00000000e0000000,0x00000000fa180000,0x00000000fa180000)
  from space 37376K, 99% used [0x00000000fae00000,0x00000000fd267000,0x00000000fd280000)
  to   space 37888K, 0% used [0x00000000fd280000,0x00000000fd280000,0x00000000ff780000)
 ParOldGen       total 428032K, used 397823K [0x00000000a0000000, 0x00000000ba200000, 0x00000000e0000000)
  object space 428032K, 92% used [0x00000000a0000000,0x00000000b847fdc8,0x00000000ba200000)
 Metaspace       used 111590K, capacity 118258K, committed 118528K, reserved 1153024K
  class space    used 14683K, capacity 15850K, committed 15872K, reserved 1048576K
Event: 2593.656 GC heap after
Heap after GC invocations=54 (full 4):
 PSYoungGen      total 452096K, used 36393K [0x00000000e0000000, 0x00000000ff680000, 0x0000000100000000)
  eden space 415232K, 0% used [0x00000000e0000000,0x00000000e0000000,0x00000000f9580000)
  from space 36864K, 98% used [0x00000000fd280000,0x00000000ff60a5d0,0x00000000ff680000)
  to   space 47104K, 0% used [0x00000000f9a80000,0x00000000f9a80000,0x00000000fc880000)
 ParOldGen       total 428032K, used 397831K [0x00000000a0000000, 0x00000000ba200000, 0x00000000e0000000)
  object space 428032K, 92% used [0x00000000a0000000,0x00000000b8481dc8,0x00000000ba200000)
 Metaspace       used 111590K, capacity 118258K, committed 118528K, reserved 1153024K
  class space    used 14683K, capacity 15850K, committed 15872K, reserved 1048576K
}
Event: 3378.946 GC heap before
{Heap before GC invocations=55 (full 4):
 PSYoungGen      total 452096K, used 451625K [0x00000000e0000000, 0x00000000ff680000, 0x0000000100000000)
  eden space 415232K, 100% used [0x00000000e0000000,0x00000000f9580000,0x00000000f9580000)
  from space 36864K, 98% used [0x00000000fd280000,0x00000000ff60a5d0,0x00000000ff680000)
  to   space 47104K, 0% used [0x00000000f9a80000,0x00000000f9a80000,0x00000000fc880000)
 ParOldGen       total 428032K, used 397831K [0x00000000a0000000, 0x00000000ba200000, 0x00000000e0000000)
  object space 428032K, 92% used [0x00000000a0000000,0x00000000b8481dc8,0x00000000ba200000)
 Metaspace       used 113337K, capacity 120756K, committed 120960K, reserved 1155072K
  class space    used 14925K, capacity 16205K, committed 16256K, reserved 1048576K
Event: 3378.974 GC heap after
Heap after GC invocations=55 (full 4):
 PSYoungGen      total 428032K, used 24131K [0x00000000e0000000, 0x00000000fe200000, 0x0000000100000000)
  eden space 403456K, 0% used [0x00000000e0000000,0x00000000e0000000,0x00000000f8a00000)
  from space 24576K, 98% used [0x00000000f9a80000,0x00000000fb210f58,0x00000000fb280000)
  to   space 45056K, 0% used [0x00000000fb600000,0x00000000fb600000,0x00000000fe200000)
 ParOldGen       total 428032K, used 397839K [0x00000000a0000000, 0x00000000ba200000, 0x00000000e0000000)
  object space 428032K, 92% used [0x00000000a0000000,0x00000000b8483dc8,0x00000000ba200000)
 Metaspace       used 113337K, capacity 120756K, committed 120960K, reserved 1155072K
  class space    used 14925K, capacity 16205K, committed 16256K, reserved 1048576K
}
Event: 3535.202 GC heap before
{Heap before GC invocations=56 (full 4):
 PSYoungGen      total 428032K, used 427587K [0x00000000e0000000, 0x00000000fe200000, 0x0000000100000000)
  eden space 403456K, 100% used [0x00000000e0000000,0x00000000f8a00000,0x00000000f8a00000)
  from space 24576K, 98% used [0x00000000f9a80000,0x00000000fb210f58,0x00000000fb280000)
  to   space 45056K, 0% used [0x00000000fb600000,0x00000000fb600000,0x00000000fe200000)
 ParOldGen       total 428032K, used 397839K [0x00000000a0000000, 0x00000000ba200000, 0x00000000e0000000)
  object space 428032K, 92% used [0x00000000a0000000,0x00000000b8483dc8,0x00000000ba200000)
 Metaspace       used 114633K, capacity 123722K, committed 124032K, reserved 1157120K
  class space    used 15190K, capacity 16668K, committed 16768K, reserved 1048576K
Event: 3535.237 GC heap after
Heap after GC invocations=56 (full 4):
 PSYoungGen      total 428032K, used 31148K [0x00000000e0000000, 0x00000000fd900000, 0x0000000100000000)
  eden space 392192K, 0% used [0x00000000e0000000,0x00000000e0000000,0x00000000f7f00000)
  from space 35840K, 86% used [0x00000000fb600000,0x00000000fd46b2b0,0x00000000fd900000)
  to   space 46080K, 0% used [0x00000000f7f00000,0x00000000f7f00000,0x00000000fac00000)
 ParOldGen       total 428032K, used 397847K [0x00000000a0000000, 0x00000000ba200000, 0x00000000e0000000)
  object space 428032K, 92% used [0x00000000a0000000,0x00000000b8485dc8,0x00000000ba200000)
 Metaspace       used 114633K, capacity 123722K, committed 124032K, reserved 1157120K
  class space    used 15190K, capacity 16668K, committed 16768K, reserved 1048576K
}
Event: 3707.124 GC heap before
{Heap before GC invocations=57 (full 4):
 PSYoungGen      total 428032K, used 356167K [0x00000000e0000000, 0x00000000fd900000, 0x0000000100000000)
  eden space 392192K, 82% used [0x00000000e0000000,0x00000000f3d66ce0,0x00000000f7f00000)
  from space 35840K, 86% used [0x00000000fb600000,0x00000000fd46b2b0,0x00000000fd900000)
  to   space 46080K, 0% used [0x00000000f7f00000,0x00000000f7f00000,0x00000000fac00000)
 ParOldGen       total 428032K, used 397847K [0x00000000a0000000, 0x00000000ba200000, 0x00000000e0000000)
  object space 428032K, 92% used [0x00000000a0000000,0x00000000b8485dc8,0x00000000ba200000)
 Metaspace       used 114741K, capacity 123846K, committed 124032K, reserved 1157120K
  class space    used 15197K, capacity 16678K, committed 16768K, reserved 1048576K
Event: 3707.146 GC heap after
Heap after GC invocations=57 (full 4):
 PSYoungGen      total 416768K, used 24131K [0x00000000e0000000, 0x00000000fd500000, 0x0000000100000000)
  eden space 392192K, 0% used [0x00000000e0000000,0x00000000e0000000,0x00000000f7f00000)
  from space 24576K, 98% used [0x00000000f7f00000,0x00000000f9690fe8,0x00000000f9700000)
  to   space 44032K, 0% used [0x00000000faa00000,0x00000000faa00000,0x00000000fd500000)
 ParOldGen       total 428032K, used 397847K [0x00000000a0000000, 0x00000000ba200000, 0x00000000e0000000)
  object space 428032K, 92% used [0x00000000a0000000,0x00000000b8485dc8,0x00000000ba200000)
 Metaspace       used 114741K, capacity 123846K, committed 124032K, reserved 1157120K
  class space    used 15197K, capacity 16678K, committed 16768K, reserved 1048576K
}
Event: 3707.146 GC heap before
{Heap before GC invocations=58 (full 5):
 PSYoungGen      total 416768K, used 24131K [0x00000000e0000000, 0x00000000fd500000, 0x0000000100000000)
  eden space 392192K, 0% used [0x00000000e0000000,0x00000000e0000000,0x00000000f7f00000)
  from space 24576K, 98% used [0x00000000f7f00000,0x00000000f9690fe8,0x00000000f9700000)
  to   space 44032K, 0% used [0x00000000faa00000,0x00000000faa00000,0x00000000fd500000)
 ParOldGen       total 428032K, used 397847K [0x00000000a0000000, 0x00000000ba200000, 0x00000000e0000000)
  object space 428032K, 92% used [0x00000000a0000000,0x00000000b8485dc8,0x00000000ba200000)
 Metaspace       used 114741K, capacity 123846K, committed 124032K, reserved 1157120K
  class space    used 15197K, capacity 16678K, committed 16768K, reserved 1048576K
Event: 3707.490 GC heap after
Heap after GC invocations=58 (full 5):
 PSYoungGen      total 416768K, used 0K [0x00000000e0000000, 0x00000000fd500000, 0x0000000100000000)
  eden space 392192K, 0% used [0x00000000e0000000,0x00000000e0000000,0x00000000f7f00000)
  from space 24576K, 0% used [0x00000000f7f00000,0x00000000f7f00000,0x00000000f9700000)
  to   space 44032K, 0% used [0x00000000faa00000,0x00000000faa00000,0x00000000fd500000)
 ParOldGen       total 428032K, used 95193K [0x00000000a0000000, 0x00000000ba200000, 0x00000000e0000000)
  object space 428032K, 22% used [0x00000000a0000000,0x00000000a5cf6718,0x00000000ba200000)
 Metaspace       used 110627K, capacity 118562K, committed 124032K, reserved 1157120K
  class space    used 14533K, capacity 15818K, committed 16768K, reserved 1048576K
}

Deoptimization events (10 events):
Event: 3778.574 Thread 0x000000002120d800 Uncommon trap: reason=array_check action=maybe_recompile pc=0x0000000005f542ec method=java.util.ComparableTimSort.mergeHi(IIII)V @ 277
Event: 3778.574 Thread 0x000000002120d800 Uncommon trap: reason=array_check action=maybe_recompile pc=0x0000000005f542ec method=java.util.ComparableTimSort.mergeHi(IIII)V @ 277
Event: 3778.574 Thread 0x000000002120d800 Uncommon trap: reason=array_check action=maybe_recompile pc=0x0000000005f51e00 method=java.util.ComparableTimSort.mergeLo(IIII)V @ 465
Event: 3778.575 Thread 0x000000002120d800 Uncommon trap: reason=array_check action=maybe_recompile pc=0x0000000005f51e00 method=java.util.ComparableTimSort.mergeLo(IIII)V @ 465
Event: 3778.598 Thread 0x000000002120d800 Uncommon trap: reason=array_check action=maybe_recompile pc=0x000000000759fa28 method=java.util.ComparableTimSort.mergeHi(IIII)V @ 415
Event: 3778.599 Thread 0x000000002120d800 Uncommon trap: reason=array_check action=maybe_recompile pc=0x000000000759fa28 method=java.util.ComparableTimSort.mergeHi(IIII)V @ 415
Event: 3778.600 Thread 0x000000002120d800 Uncommon trap: reason=array_check action=maybe_recompile pc=0x00000000075a2d9c method=java.util.ComparableTimSort.mergeLo(IIII)V @ 465
Event: 3778.649 Thread 0x000000002120d800 Uncommon trap: reason=speculate_class_check action=maybe_recompile pc=0x0000000005ae4ff8 method=com.sun.tools.javac.code.Types$SameTypeVisitor.visitClassType(Lcom/sun/tools/javac/code/Type$ClassType;Lcom/sun/tools/javac/code/Type;)Ljava/lang/Boolean; @ 32
Event: 3778.753 Thread 0x0000000021217800 Uncommon trap: reason=speculate_class_check action=maybe_recompile pc=0x00000000049e4fac method=java.nio.charset.CharsetEncoder.reset()Ljava/nio/charset/CharsetEncoder; @ 1
Event: 3778.753 Thread 0x0000000021217800 Uncommon trap: reason=speculate_class_check action=maybe_recompile pc=0x00000000049e4fac method=java.nio.charset.CharsetEncoder.reset()Ljava/nio/charset/CharsetEncoder; @ 1

Classes redefined (0 events):
No events

Internal exceptions (10 events):
Event: 3775.744 Thread 0x0000000021219000 Exception <a 'java/lang/InterruptedException'> (0x00000000e8f20238) thrown at [C:\re\workspace\8-2-build-windows-amd64-cygwin\jdk8u191\11896\hotspot\src\share\vm\runtime\objectMonitor.cpp, line 1684]
Event: 3776.296 Thread 0x00000000362c7000 Exception <a 'java/lang/InterruptedException'> (0x00000000e9767a20) thrown at [C:\re\workspace\8-2-build-windows-amd64-cygwin\jdk8u191\11896\hotspot\src\share\vm\runtime\objectMonitor.cpp, line 1684]
Event: 3777.689 Thread 0x00000000362cb800 Exception <a 'java/lang/InterruptedException'> (0x00000000ea677588) thrown at [C:\re\workspace\8-2-build-windows-amd64-cygwin\jdk8u191\11896\hotspot\src\share\vm\runtime\objectMonitor.cpp, line 1684]
Event: 3778.779 Thread 0x00000000362ca800 Exception <a 'sun/nio/fs/WindowsException'> (0x00000000f1cf4c40) thrown at [C:\re\workspace\8-2-build-windows-amd64-cygwin\jdk8u191\11896\hotspot\src\share\vm\prims\jni.cpp, line 709]
Event: 3778.782 Thread 0x000000002471b000 Exception <a 'sun/nio/fs/WindowsException'> (0x00000000f1503e08) thrown at [C:\re\workspace\8-2-build-windows-amd64-cygwin\jdk8u191\11896\hotspot\src\share\vm\prims\jni.cpp, line 709]
Event: 3778.791 Thread 0x00000000362ca800 Exception <a 'sun/nio/fs/WindowsException'> (0x00000000f266d1b0) thrown at [C:\re\workspace\8-2-build-windows-amd64-cygwin\jdk8u191\11896\hotspot\src\share\vm\prims\jni.cpp, line 709]
Event: 3778.799 Thread 0x000000002471b000 Exception <a 'sun/nio/fs/WindowsException'> (0x00000000f2ca8fc8) thrown at [C:\re\workspace\8-2-build-windows-amd64-cygwin\jdk8u191\11896\hotspot\src\share\vm\prims\jni.cpp, line 709]
Event: 3778.801 Thread 0x000000002471b000 Exception <a 'sun/nio/fs/WindowsException'> (0x00000000f2cb79a8) thrown at [C:\re\workspace\8-2-build-windows-amd64-cygwin\jdk8u191\11896\hotspot\src\share\vm\prims\jni.cpp, line 709]
Event: 3778.802 Thread 0x000000002471b000 Exception <a 'sun/nio/fs/WindowsException'> (0x00000000f2cbf0d0) thrown at [C:\re\workspace\8-2-build-windows-amd64-cygwin\jdk8u191\11896\hotspot\src\share\vm\prims\jni.cpp, line 709]
Event: 3778.893 Thread 0x0000000021215000 Exception <a 'java/io/FileNotFoundException'> (0x00000000f484cd88) thrown at [C:\re\workspace\8-2-build-windows-amd64-cygwin\jdk8u191\11896\hotspot\src\share\vm\prims\jni.cpp, line 709]

Events (10 events):
Event: 3778.784 Executing VM operation: ForceSafepoint done
Event: 3778.786 Thread 0x0000000024725800 Thread added: 0x0000000024725800
Event: 3778.790 Thread 0x000000001ebde000 Thread added: 0x000000001ebde000
Event: 3778.794 Thread 0x000000001ebe1000 Thread added: 0x000000001ebe1000
Event: 3778.797 Executing VM operation: ForceSafepoint
Event: 3778.798 Executing VM operation: ForceSafepoint done
Event: 3778.866 Executing VM operation: RevokeBias
Event: 3778.866 Executing VM operation: RevokeBias done
Event: 3778.887 Executing VM operation: BulkRevokeBias
Event: 3778.888 Executing VM operation: BulkRevokeBias done


Dynamic libraries:
0x00007ff7dca10000 - 0x00007ff7dca47000 	C:\Program Files\Java\jdk1.8.0_191\bin\java.exe
0x00007ffce8960000 - 0x00007ffce8b50000 	C:\WINDOWS\SYSTEM32\ntdll.dll
0x00007ffce6bb0000 - 0x00007ffce6c62000 	C:\WINDOWS\System32\KERNEL32.DLL
0x00007ffce6390000 - 0x00007ffce6633000 	C:\WINDOWS\System32\KERNELBASE.dll
0x00007ffce82b0000 - 0x00007ffce8353000 	C:\WINDOWS\System32\ADVAPI32.dll
0x00007ffce6f60000 - 0x00007ffce6ffe000 	C:\WINDOWS\System32\msvcrt.dll
0x00007ffce7240000 - 0x00007ffce72d7000 	C:\WINDOWS\System32\sechost.dll
0x00007ffce86c0000 - 0x00007ffce87e0000 	C:\WINDOWS\System32\RPCRT4.dll
0x00007ffce6a10000 - 0x00007ffce6ba4000 	C:\WINDOWS\System32\USER32.dll
0x00007ffce59f0000 - 0x00007ffce5a11000 	C:\WINDOWS\System32\win32u.dll
0x00007ffce6e20000 - 0x00007ffce6e46000 	C:\WINDOWS\System32\GDI32.dll
0x00007ffce6640000 - 0x00007ffce67d4000 	C:\WINDOWS\System32\gdi32full.dll
0x00007ffce5a20000 - 0x00007ffce5abe000 	C:\WINDOWS\System32\msvcp_win.dll
0x00007ffce58f0000 - 0x00007ffce59ea000 	C:\WINDOWS\System32\ucrtbase.dll
0x00007ffcd7380000 - 0x00007ffcd7605000 	C:\WINDOWS\WinSxS\amd64_microsoft.windows.common-controls_6595b64144ccf1df_6.0.18362.476_none_e6c4b11b130f2595\COMCTL32.dll
0x00007ffce7f00000 - 0x00007ffce8236000 	C:\WINDOWS\System32\combase.dll
0x00007ffce6990000 - 0x00007ffce6a10000 	C:\WINDOWS\System32\bcryptPrimitives.dll
0x00007ffce6e60000 - 0x00007ffce6e8e000 	C:\WINDOWS\System32\IMM32.DLL
0x000000005dd30000 - 0x000000005de02000 	C:\Program Files\Java\jdk1.8.0_191\jre\bin\msvcr100.dll
0x000000005d480000 - 0x000000005dd24000 	C:\Program Files\Java\jdk1.8.0_191\jre\bin\server\jvm.dll
0x00007ffce6e50000 - 0x00007ffce6e58000 	C:\WINDOWS\System32\PSAPI.DLL
0x00007ffcdf7e0000 - 0x00007ffcdf7ea000 	C:\WINDOWS\SYSTEM32\VERSION.dll
0x00007ffcd0620000 - 0x00007ffcd0629000 	C:\WINDOWS\SYSTEM32\WSOCK32.dll
0x00007ffce8240000 - 0x00007ffce82af000 	C:\WINDOWS\System32\WS2_32.dll
0x00007ffce2490000 - 0x00007ffce24b4000 	C:\WINDOWS\SYSTEM32\WINMM.dll
0x00007ffce2460000 - 0x00007ffce248d000 	C:\WINDOWS\SYSTEM32\WINMMBASE.dll
0x00007ffce67e0000 - 0x00007ffce682a000 	C:\WINDOWS\System32\cfgmgr32.dll
0x000000005f9d0000 - 0x000000005f9df000 	C:\Program Files\Java\jdk1.8.0_191\jre\bin\verify.dll
0x000000005e760000 - 0x000000005e789000 	C:\Program Files\Java\jdk1.8.0_191\jre\bin\java.dll
0x000000005f9b0000 - 0x000000005f9c6000 	C:\Program Files\Java\jdk1.8.0_191\jre\bin\zip.dll
0x00007ffce7760000 - 0x00007ffce7e45000 	C:\WINDOWS\System32\SHELL32.dll
0x00007ffce7e50000 - 0x00007ffce7ef9000 	C:\WINDOWS\System32\shcore.dll
0x00007ffce5c10000 - 0x00007ffce638e000 	C:\WINDOWS\System32\windows.storage.dll
0x00007ffce5840000 - 0x00007ffce585f000 	C:\WINDOWS\System32\profapi.dll
0x00007ffce5860000 - 0x00007ffce58aa000 	C:\WINDOWS\System32\powrprof.dll
0x00007ffce5830000 - 0x00007ffce5840000 	C:\WINDOWS\System32\UMPDC.dll
0x00007ffce83d0000 - 0x00007ffce8422000 	C:\WINDOWS\System32\shlwapi.dll
0x00007ffce58d0000 - 0x00007ffce58e1000 	C:\WINDOWS\System32\kernel.appcore.dll
0x00007ffce6970000 - 0x00007ffce6987000 	C:\WINDOWS\System32\cryptsp.dll
0x000000005e740000 - 0x000000005e75a000 	C:\Program Files\Java\jdk1.8.0_191\jre\bin\net.dll
0x00007ffce5050000 - 0x00007ffce50b7000 	C:\WINDOWS\system32\mswsock.dll
0x000000005d460000 - 0x000000005d471000 	C:\Program Files\Java\jdk1.8.0_191\jre\bin\nio.dll
0x00007ffc935d0000 - 0x00007ffc935f6000 	C:\Users\Administrator\.gradle\native\29\windows-amd64\native-platform.dll
0x000000005d450000 - 0x000000005d45d000 	C:\Program Files\Java\jdk1.8.0_191\jre\bin\management.dll
0x00007ffce4b70000 - 0x00007ffce4ba3000 	C:\WINDOWS\system32\rsaenh.dll
0x00007ffce68e0000 - 0x00007ffce6906000 	C:\WINDOWS\System32\bcrypt.dll
0x00007ffce5720000 - 0x00007ffce5745000 	C:\WINDOWS\SYSTEM32\USERENV.dll
0x00007ffce51d0000 - 0x00007ffce51dc000 	C:\WINDOWS\SYSTEM32\CRYPTBASE.dll
0x00007ffce4d10000 - 0x00007ffce4d4a000 	C:\WINDOWS\SYSTEM32\IPHLPAPI.DLL
0x00007ffce83c0000 - 0x00007ffce83c8000 	C:\WINDOWS\System32\NSI.dll
0x00007ffcdfbd0000 - 0x00007ffcdfbe6000 	C:\WINDOWS\SYSTEM32\dhcpcsvc6.DLL
0x00007ffcdfa80000 - 0x00007ffcdfa9c000 	C:\WINDOWS\SYSTEM32\dhcpcsvc.DLL
0x00007ffce4d50000 - 0x00007ffce4e1a000 	C:\WINDOWS\SYSTEM32\DNSAPI.dll
0x00007ffce0560000 - 0x00007ffce057e000 	C:\Users\Administrator\AppData\Local\Temp\native-platform6423226513460772801dir\native-platform.dll
0x00007ffce4830000 - 0x00007ffce4861000 	C:\WINDOWS\SYSTEM32\ntmarta.dll

VM Arguments:
jvm_args: -Xmx1536m -Dfile.encoding=GBK -Duser.country=CN -Duser.language=zh -Duser.variant 
java_command: org.gradle.launcher.daemon.bootstrap.GradleDaemon 5.4.1
java_class_path (initial): C:\Users\Administrator\.gradle\wrapper\dists\gradle-5.4.1-all\3221gyojl5jsh0helicew7rwx\gradle-5.4.1\lib\gradle-launcher-5.4.1.jar
Launcher Type: SUN_STANDARD

Environment Variables:
JAVA_HOME=C:\Program Files\Java\jdk1.8.0_191
CLASSPATH=C:\Program Files\Java\jdk1.8.0_191\lib\dt.jar;C:\Program Files\Java\jdk1.8.0_191\lib\tools.jar;D:\Tomcat\apache-tomcat-8.5.35\lib\servlet-api.jar;
PATH=C:\Program Files (x86)\Common Files\Intel\Shared Libraries\redist\intel64\compiler;D:\python3.7.2\Scripts\;D:\python3.7.2\;D:\Xshell\;C:\Program Files (x86)\Common Files\Oracle\Java\javapath;"C:\Program Files\Java\jdk1.8.0_191\bin;";C:\WINDOWS\system32;C:\WINDOWS;C:\ProgramData\Oracle\Java\javapath;C:\Program Files\Microsoft MPI\Bin\;C:\Windows\system32;C:\Windows;C:\Windows\System32\Wbem;C:\Windows\System32\WindowsPowerShell\v1.0\;C:\Program Files\dotnet\;C:\Program Files\Microsoft SQL Server\130\Tools\Binn\;C:\Program Files\Git\cmd;C:\Program Files (x86)\GtkSharp\2.12\bin;C:\Program Files (x86)\NVIDIA Corporation\PhysX\Common;C:\Program Files\Java\jdk1.8.0_191\bin;C:\Program Files\Java\jdk1.8.0_191\jre\bin;C:\WINDOWS\System32\Wbem;C:\WINDOWS\System32\WindowsPowerShell\v1.0\;C:\WINDOWS\System32\OpenSSH\;D:\MySQL\MySQL Server 5.7\bin;D:\Tomcat\apache-tomcat-8.5.35\bin;D:\Tomcat\apache-tomcat-8.5.35\lib;D:\maven\apache-maven-3.6.0\bin\;C:\Program Files\NVIDIA Corporation\NVIDIA NvDLISR;D:\python3.7.2\Graphviz-2.38\bin;D:\python3.7.2\Graphviz-2.38;C:\Program Files (x86)\Microsoft SQL Server\110\Tools\Binn\;C:\Program Files\Microsoft SQL Server\110\Tools\Binn\;C:\Program Files\Microsoft SQL Server\110\DTS\Binn\;C:\WINDOWS\system32;C:\WINDOWS;C:\WINDOWS\System32\Wbem;C:\WINDOWS\System32\WindowsPowerShell\v1.0\;C:\WINDOWS\System32\OpenSSH\;D:\matlab2019\bin;C:\Users\Administrator\AppData\Local\Android\Sdk\platform-tools\;C:\Users\Administrator\AppData\Local\Microsoft\WindowsApps;E:\Bandizip\;%JAVA_HOME&\bin;C:\Users\Administrator\AppData\Local\GitHubDesktop\bin
USERNAME=Administrator
OS=Windows_NT
PROCESSOR_IDENTIFIER=AMD64 Family 23 Model 1 Stepping 1, AuthenticAMD



---------------  S Y S T E M  ---------------

OS: Windows 10.0 , 64 bit Build 18362 (10.0.18362.329)

CPU:total 12 (initial active 12) (12 cores per cpu, 1 threads per core) family 23 model 1 stepping 1, cmov, cx8, fxsr, mmx, sse, sse2, sse3, ssse3, sse4.1, sse4.2, popcnt, avx, avx2, aes, clmul, mmxext, 3dnowpref, lzcnt, sse4a, tsc, tscinvbit, tscinv, bmi1

Memory: 4k page, physical 16710592k(3603936k free), swap 16710592k(5164k free)

vm_info: Java HotSpot(TM) 64-Bit Server VM (25.191-b12) for windows-amd64 JRE (1.8.0_191-b12), built on Oct  6 2018 09:29:03 by "java_re" with MS VC++ 10.0 (VS2010)

time: Tue Dec 03 22:36:30 2019
elapsed time: 3778 seconds (0d 1h 2m 58s)

