#
# There is insufficient memory for the Java Runtime Environment to continue.
# Native memory allocation (malloc) failed to allocate 627104 bytes for Chunk::new
# Possible reasons:
#   The system is out of physical RAM or swap space
#   The process is running with CompressedOops enabled, and the Java Heap may be blocking the growth of the native heap
# Possible solutions:
#   Reduce memory load on the system
#   Increase physical memory or swap space
#   Check if swap backing store is full
#   Decrease Java heap size (-Xmx/-Xms)
#   Decrease number of Java threads
#   Decrease Java thread stack sizes (-Xss)
#   Set larger code cache with -XX:ReservedCodeCacheSize=
#   JVM is running with Unscaled Compressed Oops mode in which the Java heap is
#     placed in the first 4GB address space. The Java Heap base address is the
#     maximum limit for the native heap growth. Please use -XX:HeapBaseMinAddress
#     to set the Java Heap base and to place the Java Heap above 4GB virtual address.
# This output file may be truncated or incomplete.
#
#  Out of Memory Error (allocation.cpp:389), pid=11732, tid=0x00000000000021a0
#
# JRE version: OpenJDK Runtime Environment (8.0_202-b03) (build 1.8.0_202-release-1483-b03)
# Java VM: OpenJDK 64-Bit Server VM (25.202-b03 mixed mode windows-amd64 compressed oops)
# Failed to write core dump. Minidumps are not enabled by default on client versions of Windows
#

---------------  T H R E A D  ---------------

Current thread (0x0000000018cc1000):  JavaThread "C2 CompilerThread2" daemon [_thread_in_native, id=8608, stack(0x000000001a3d0000,0x000000001a4d0000)]

Stack: [0x000000001a3d0000,0x000000001a4d0000]
[error occurred during error reporting (printing stack bounds), id 0xc0000005]

Native frames: (J=compiled Java code, j=interpreted, Vv=VM code, C=native code)


Current CompileTask:
C2: 328047 18847       4       java.io.ObjectOutputStream::writeClassDesc (60 bytes)


---------------  P R O C E S S  ---------------

Java Threads: ( => current thread )
  0x0000000024941000 JavaThread "RMI TCP Connection(3)-127.0.0.1" daemon [_thread_in_native, id=16120, stack(0x0000000031320000,0x0000000031420000)]
  0x000000001ec28000 JavaThread "RMI RenewClean-[127.0.0.1:17849,org.jetbrains.kotlin.daemon.common.LoopbackNetworkInterface$ClientLoopbackSocketFactory@4bc9495]" daemon [_thread_blocked, id=15024, stack(0x0000000031220000,0x0000000031320000)]
  0x000000001ec2b000 JavaThread "RMI TCP Connection(2)-127.0.0.1" daemon [_thread_in_native, id=8652, stack(0x0000000031120000,0x0000000031220000)]
  0x000000001ec25800 JavaThread "RMI RenewClean-[127.0.0.1:17849,org.jetbrains.kotlin.daemon.common.LoopbackNetworkInterface$ClientLoopbackSocketFactory@593352e6]" daemon [_thread_blocked, id=6692, stack(0x0000000031020000,0x0000000031120000)]
  0x000000001ec2b800 JavaThread "RMI TCP Connection(1)-127.0.0.1" daemon [_thread_in_native, id=2340, stack(0x0000000030c30000,0x0000000030d30000)]
  0x000000001ec26800 JavaThread "RMI Reaper" [_thread_blocked, id=15504, stack(0x0000000030b30000,0x0000000030c30000)]
  0x000000001ec29800 JavaThread "RMI TCP Accept-0" daemon [_thread_in_native, id=11540, stack(0x0000000030a30000,0x0000000030b30000)]
  0x000000001ec1e000 JavaThread "GC Daemon" daemon [_thread_blocked, id=2408, stack(0x0000000030930000,0x0000000030a30000)]
  0x000000001ec25000 JavaThread "RMI RenewClean-[127.0.0.1:17849,org.jetbrains.kotlin.daemon.common.LoopbackNetworkInterface$ClientLoopbackSocketFactory@5770b8c]" daemon [_thread_blocked, id=4312, stack(0x0000000030830000,0x0000000030930000)]
  0x000000001ec23800 JavaThread "RMI Scheduler(0)" daemon [_thread_blocked, id=3224, stack(0x000000002a920000,0x000000002aa20000)]
  0x000000001ec24000 JavaThread "stdout" [_thread_in_native, id=5340, stack(0x000000002ae20000,0x000000002af20000)]
  0x000000001ec1f000 JavaThread "stderr" [_thread_in_native, id=3848, stack(0x000000002ad20000,0x000000002ae20000)]
  0x000000001ec22800 JavaThread "stdout" [_thread_in_native, id=6740, stack(0x000000002ac20000,0x000000002ad20000)]
  0x000000001ec21000 JavaThread "stderr" [_thread_in_native, id=5000, stack(0x000000002ab20000,0x000000002ac20000)]
  0x000000001ec1c800 JavaThread "WorkerExecutor Queue Thread 4" [_thread_blocked, id=9236, stack(0x000000002aa20000,0x000000002ab20000)]
  0x000000001ec22000 JavaThread "WorkerExecutor Queue Thread 2" [_thread_blocked, id=12020, stack(0x000000002a820000,0x000000002a920000)]
  0x000000001ec1f800 JavaThread "stdout" [_thread_in_native, id=10176, stack(0x000000002a520000,0x000000002a620000)]
  0x000000002494d000 JavaThread "stderr" [_thread_in_native, id=14204, stack(0x000000002a420000,0x000000002a520000)]
  0x000000001c3cb800 JavaThread "pool-5-thread-1" [_thread_blocked, id=8144, stack(0x000000002a320000,0x000000002a420000)]
  0x000000001c3cc800 JavaThread "WorkerExecutor Queue" [_thread_blocked, id=15712, stack(0x0000000028fe0000,0x00000000290e0000)]
  0x000000001c3ce000 JavaThread "Cache worker for execution history cache (F:\android\eduminication\.gradle\5.4.1\executionHistory)" [_thread_blocked, id=15528, stack(0x0000000027d10000,0x0000000027e10000)]
  0x000000001c3d0000 JavaThread "Execution worker for ':' Thread 11" [_thread_blocked, id=15964, stack(0x0000000027a10000,0x0000000027b10000)]
  0x000000001f084800 JavaThread "Execution worker for ':' Thread 10" [_thread_blocked, id=10592, stack(0x0000000027910000,0x0000000027a10000)]
  0x000000001f085800 JavaThread "Execution worker for ':' Thread 9" [_thread_blocked, id=5592, stack(0x0000000027810000,0x0000000027910000)]
  0x000000001f084000 JavaThread "Execution worker for ':' Thread 8" [_thread_blocked, id=11352, stack(0x0000000027710000,0x0000000027810000)]
  0x000000001f083000 JavaThread "Execution worker for ':' Thread 7" [_thread_blocked, id=16244, stack(0x0000000027610000,0x0000000027710000)]
  0x000000001f07b000 JavaThread "Execution worker for ':' Thread 6" [_thread_in_native, id=14064, stack(0x0000000027510000,0x0000000027610000)]
  0x000000001f081800 JavaThread "Execution worker for ':' Thread 5" [_thread_blocked, id=10296, stack(0x0000000027410000,0x0000000027510000)]
  0x000000001f081000 JavaThread "Execution worker for ':' Thread 4" [_thread_blocked, id=14016, stack(0x0000000027310000,0x0000000027410000)]
  0x000000001f080000 JavaThread "Execution worker for ':' Thread 3" [_thread_blocked, id=8540, stack(0x0000000027210000,0x0000000027310000)]
  0x000000001f07f800 JavaThread "Execution worker for ':' Thread 2" [_thread_blocked, id=14532, stack(0x0000000027110000,0x0000000027210000)]
  0x000000001f078000 JavaThread "Execution worker for ':'" [_thread_blocked, id=11216, stack(0x0000000027010000,0x0000000027110000)]
  0x000000001f07e800 JavaThread "Cache worker for file content cache (F:\android\eduminication\.gradle\5.4.1\fileContent)" [_thread_blocked, id=7824, stack(0x0000000026f10000,0x0000000027010000)]
  0x000000001f07a000 JavaThread "Cache worker for file content cache (C:\Users\Administrator\.gradle\caches\5.4.1\fileContent)" [_thread_blocked, id=10600, stack(0x0000000026e10000,0x0000000026f10000)]
  0x000000001f078800 JavaThread "Cache worker for Build Output Cleanup Cache (F:\android\eduminication\.gradle\buildOutputCleanup)" [_thread_blocked, id=9092, stack(0x0000000026d10000,0x0000000026e10000)]
  0x000000001f079800 JavaThread "Build operations Thread 12" [_thread_blocked, id=8692, stack(0x0000000026c10000,0x0000000026d10000)]
  0x000000001f077000 JavaThread "Build operations Thread 11" [_thread_blocked, id=12540, stack(0x0000000023e50000,0x0000000023f50000)]
  0x000000001f07e000 JavaThread "Build operations Thread 10" [_thread_blocked, id=16288, stack(0x00000000235f0000,0x00000000236f0000)]
  0x000000001f07d000 JavaThread "Build operations Thread 9" [_thread_blocked, id=7996, stack(0x00000000234f0000,0x00000000235f0000)]
  0x000000002494c800 JavaThread "Build operations Thread 8" [_thread_blocked, id=11564, stack(0x00000000233f0000,0x00000000234f0000)]
  0x000000002494b800 JavaThread "Build operations Thread 7" [_thread_blocked, id=14924, stack(0x00000000232f0000,0x00000000233f0000)]
  0x000000002494b000 JavaThread "Build operations Thread 6" [_thread_blocked, id=15988, stack(0x00000000231f0000,0x00000000232f0000)]
  0x000000002494f800 JavaThread "Build operations Thread 5" [_thread_blocked, id=14992, stack(0x00000000230f0000,0x00000000231f0000)]
  0x000000002494a000 JavaThread "Build operations Thread 4" [_thread_blocked, id=16068, stack(0x0000000022ff0000,0x00000000230f0000)]
  0x000000002494e000 JavaThread "Build operations Thread 3" [_thread_blocked, id=15744, stack(0x0000000022ef0000,0x0000000022ff0000)]
  0x000000002494e800 JavaThread "Build operations Thread 2" [_thread_blocked, id=11652, stack(0x0000000022bc0000,0x0000000022cc0000)]
  0x0000000024942800 JavaThread "Build operations" [_thread_blocked, id=15620, stack(0x00000000211f0000,0x00000000212f0000)]
  0x0000000024948000 JavaThread "Cache worker for cache directory md-rule (C:\Users\Administrator\.gradle\caches\5.4.1\md-rule)" [_thread_blocked, id=13840, stack(0x0000000020ee0000,0x0000000020fe0000)]
  0x0000000024949800 JavaThread "Cache worker for cache directory md-supplier (C:\Users\Administrator\.gradle\caches\5.4.1\md-supplier)" [_thread_blocked, id=13320, stack(0x00000000205e0000,0x00000000206e0000)]
  0x0000000024948800 JavaThread "Cache worker for file hash cache (F:\android\eduminication\.gradle\5.4.1\fileHashes)" [_thread_blocked, id=9924, stack(0x000000001de40000,0x000000001df40000)]
  0x0000000024940800 JavaThread "Thread-68" [_thread_blocked, id=13648, stack(0x000000001dd40000,0x000000001de40000)]
  0x0000000024942000 JavaThread "Stdin handler" [_thread_blocked, id=10368, stack(0x000000001dc40000,0x000000001dd40000)]
  0x0000000024946800 JavaThread "Asynchronous log dispatcher for DefaultDaemonConnection: socket connection from /127.0.0.1:14031 to /127.0.0.1:14366" [_thread_blocked, id=9868, stack(0x000000001db40000,0x000000001dc40000)]
  0x0000000024945800 JavaThread "Daemon worker Thread 2" [_thread_blocked, id=10128, stack(0x000000001d540000,0x000000001d640000)]
  0x0000000024944000 JavaThread "Cancel handler" [_thread_blocked, id=15872, stack(0x00000000015b0000,0x00000000016b0000)]
  0x0000000024943800 JavaThread "Handler for socket connection from /127.0.0.1:14031 to /127.0.0.1:14366" [_thread_in_native, id=11420, stack(0x00000000014b0000,0x00000000015b0000)]
  0x0000000024945000 JavaThread "Daemon Thread 2" [_thread_blocked, id=16040, stack(0x00000000013b0000,0x00000000014b0000)]
  0x000000001f07b800 JavaThread "Memory manager" [_thread_blocked, id=13828, stack(0x0000000025520000,0x0000000025620000)]
  0x000000001c3cd000 JavaThread "Cache worker for execution history cache (C:\Users\Administrator\.gradle\caches\5.4.1\executionHistory)" [_thread_blocked, id=1000, stack(0x00000000212f0000,0x00000000213f0000)]
  0x000000001c3c9800 JavaThread "Cache worker for journal cache (C:\Users\Administrator\.gradle\caches\journal-1)" [_thread_blocked, id=1728, stack(0x000000001e340000,0x000000001e440000)]
  0x000000001c3cb000 JavaThread "File lock request listener" [_thread_in_native, id=4500, stack(0x000000001e240000,0x000000001e340000)]
  0x000000001c404800 JavaThread "Cache worker for file hash cache (C:\Users\Administrator\.gradle\caches\5.4.1\fileHashes)" [_thread_blocked, id=13688, stack(0x000000001df40000,0x000000001e040000)]
  0x000000001b7b8800 JavaThread "Daemon periodic checks" [_thread_blocked, id=7556, stack(0x000000001d440000,0x000000001d540000)]
  0x000000001b7ad800 JavaThread "Incoming local TCP Connector on port 14031" [_thread_in_native, id=3064, stack(0x000000001d290000,0x000000001d390000)]
  0x000000001b96d800 JavaThread "Daemon health stats" [_thread_blocked, id=11096, stack(0x000000001cf70000,0x000000001d070000)]
  0x0000000018d49800 JavaThread "Service Thread" daemon [_thread_blocked, id=8876, stack(0x000000001a5d0000,0x000000001a6d0000)]
  0x0000000018cc3000 JavaThread "C1 CompilerThread3" daemon [_thread_blocked, id=12332, stack(0x000000001a4d0000,0x000000001a5d0000)]
=>0x0000000018cc1000 JavaThread "C2 CompilerThread2" daemon [_thread_in_native, id=8608, stack(0x000000001a3d0000,0x000000001a4d0000)]
  0x0000000018cb7000 JavaThread "C2 CompilerThread1" daemon [_thread_in_native, id=10352, stack(0x000000001a2d0000,0x000000001a3d0000)]
  0x0000000018cb1000 JavaThread "C2 CompilerThread0" daemon [_thread_blocked, id=11852, stack(0x000000001a1d0000,0x000000001a2d0000)]
  0x0000000018cae000 JavaThread "Attach Listener" daemon [_thread_blocked, id=8080, stack(0x000000001a0d0000,0x000000001a1d0000)]
  0x0000000018c5a000 JavaThread "Signal Dispatcher" daemon [_thread_blocked, id=3976, stack(0x0000000019fd0000,0x000000001a0d0000)]
  0x0000000018c43000 JavaThread "Finalizer" daemon [_thread_blocked, id=4496, stack(0x0000000019ec0000,0x0000000019fc0000)]
  0x00000000035b9000 JavaThread "Reference Handler" daemon [_thread_blocked, id=7212, stack(0x0000000019dc0000,0x0000000019ec0000)]
  0x00000000034c2800 JavaThread "main" [_thread_blocked, id=7208, stack(0x00000000033c0000,0x00000000034c0000)]

Other Threads:
  0x0000000017574800 VMThread [stack: 0x0000000019cc0000,0x0000000019dc0000] [id=3912]
  0x0000000018cd3800 WatcherThread [stack: 0x000000001a6d0000,0x000000001a7d0000] [id=1828]

VM state:not at safepoint (normal execution)

VM Mutex/Monitor currently owned by a thread: None

heap address: 0x00000000a0000000, size: 1536 MB, Compressed Oops mode: 32-bit
Narrow klass base: 0x0000000000000000, Narrow klass shift: 3
Compressed class space size: 1073741824 Address: 0x0000000100000000

Heap:
 PSYoungGen      total 462336K, used 64149K [0x00000000e0000000, 0x00000000ff900000, 0x0000000100000000)
  eden space 413696K, 13% used [0x00000000e0000000,0x00000000e3619118,0x00000000f9400000)
  from space 48640K, 17% used [0x00000000fc980000,0x00000000fd20c2f8,0x00000000ff900000)
  to   space 51712K, 0% used [0x00000000f9400000,0x00000000f9400000,0x00000000fc680000)
 ParOldGen       total 424960K, used 185124K [0x00000000a0000000, 0x00000000b9f00000, 0x00000000e0000000)
  object space 424960K, 43% used [0x00000000a0000000,0x00000000ab4c9208,0x00000000b9f00000)
 Metaspace       used 96109K, capacity 100086K, committed 101376K, reserved 1136640K
  class space    used 12484K, capacity 13224K, committed 13568K, reserved 1048576K

Card table byte_map: [0x0000000012980000,0x0000000012c90000] byte_map_base: 0x0000000012480000

Marking Bits: (ParMarkBitMap*) 0x000000005b039f30
 Begin Bits: [0x0000000013890000, 0x0000000015090000)
 End Bits:   [0x0000000015090000, 0x0000000016890000)

Polling page: 0x0000000001720000

CodeCache: size=245760Kb used=51596Kb max_used=52744Kb free=194163Kb
 bounds [0x00000000035c0000, 0x0000000006980000, 0x00000000125c0000]
 total_blobs=16476 nmethods=15571 adapters=815
 compilation: enabled

Compilation events (10 events):
Event: 327.893 Thread 0x0000000018cb1000 18844       4       java.io.ObjectOutputStream$BlockDataOutputStream::drain (45 bytes)
Event: 327.898 Thread 0x0000000018cb1000 nmethod 18844 0x0000000005e97bd0 code [0x0000000005e97d60, 0x0000000005e982c8]
Event: 327.898 Thread 0x0000000018cb1000 18830       4       java.io.ObjectOutputStream::writeTypeString (40 bytes)
Event: 327.902 Thread 0x0000000018cb1000 nmethod 18830 0x0000000005d9cb10 code [0x0000000005d9cc80, 0x0000000005d9d038]
Event: 327.902 Thread 0x0000000018cb1000 18832   !   4       java.util.concurrent.LinkedBlockingQueue::poll (134 bytes)
Event: 327.929 Thread 0x0000000018cb1000 nmethod 18832 0x0000000006142490 code [0x00000000061426e0, 0x0000000006143b30]
Event: 327.929 Thread 0x0000000018cb1000 18831       4       org.gradle.launcher.daemon.server.exec.DaemonConnectionBackedEventConsumer$ForwardEvents::moreMessagesToSend (35 bytes)
Event: 327.930 Thread 0x0000000018cb1000 nmethod 18831 0x0000000006142010 code [0x0000000006142160, 0x0000000006142268]
Event: 327.930 Thread 0x0000000018cb1000 18826       4       org.gradle.internal.operations.DefaultBuildOperationExecutor::maybeStartUnmanagedThreadOperation (54 bytes)
Event: 327.931 Thread 0x0000000018cb1000 nmethod 18826 0x000000000611a890 code [0x000000000611a9e0, 0x000000000611aa88]

GC Heap History (10 events):
Event: 315.626 GC heap before
{Heap before GC invocations=26 (full 4):
 PSYoungGen      total 457728K, used 403040K [0x00000000e0000000, 0x00000000fff00000, 0x0000000100000000)
  eden space 394752K, 100% used [0x00000000e0000000,0x00000000f8180000,0x00000000f8180000)
  from space 62976K, 13% used [0x00000000f8180000,0x00000000f8998000,0x00000000fbf00000)
  to   space 61440K, 0% used [0x00000000fc300000,0x00000000fc300000,0x00000000fff00000)
 ParOldGen       total 424960K, used 151093K [0x00000000a0000000, 0x00000000b9f00000, 0x00000000e0000000)
  object space 424960K, 35% used [0x00000000a0000000,0x00000000a938d6e0,0x00000000b9f00000)
 Metaspace       used 95699K, capacity 99686K, committed 101120K, reserved 1136640K
  class space    used 12466K, capacity 13212K, committed 13568K, reserved 1048576K
Event: 315.640 GC heap after
Heap after GC invocations=26 (full 4):
 PSYoungGen      total 456704K, used 10642K [0x00000000e0000000, 0x00000000ffa80000, 0x0000000100000000)
  eden space 399872K, 0% used [0x00000000e0000000,0x00000000e0000000,0x00000000f8680000)
  from space 56832K, 18% used [0x00000000fc300000,0x00000000fcd64b70,0x00000000ffa80000)
  to   space 59392K, 0% used [0x00000000f8680000,0x00000000f8680000,0x00000000fc080000)
 ParOldGen       total 424960K, used 159117K [0x00000000a0000000, 0x00000000b9f00000, 0x00000000e0000000)
  object space 424960K, 37% used [0x00000000a0000000,0x00000000a9b63710,0x00000000b9f00000)
 Metaspace       used 95699K, capacity 99686K, committed 101120K, reserved 1136640K
  class space    used 12466K, capacity 13212K, committed 13568K, reserved 1048576K
}
Event: 316.037 GC heap before
{Heap before GC invocations=27 (full 4):
 PSYoungGen      total 456704K, used 410514K [0x00000000e0000000, 0x00000000ffa80000, 0x0000000100000000)
  eden space 399872K, 100% used [0x00000000e0000000,0x00000000f8680000,0x00000000f8680000)
  from space 56832K, 18% used [0x00000000fc300000,0x00000000fcd64b70,0x00000000ffa80000)
  to   space 59392K, 0% used [0x00000000f8680000,0x00000000f8680000,0x00000000fc080000)
 ParOldGen       total 424960K, used 159117K [0x00000000a0000000, 0x00000000b9f00000, 0x00000000e0000000)
  object space 424960K, 37% used [0x00000000a0000000,0x00000000a9b63710,0x00000000b9f00000)
 Metaspace       used 95787K, capacity 99838K, committed 101376K, reserved 1136640K
  class space    used 12468K, capacity 13216K, committed 13568K, reserved 1048576K
Event: 316.049 GC heap after
Heap after GC invocations=27 (full 4):
 PSYoungGen      total 459264K, used 8128K [0x00000000e0000000, 0x00000000fff80000, 0x0000000100000000)
  eden space 399872K, 0% used [0x00000000e0000000,0x00000000e0000000,0x00000000f8680000)
  from space 59392K, 13% used [0x00000000f8680000,0x00000000f8e70000,0x00000000fc080000)
  to   space 57856K, 0% used [0x00000000fc700000,0x00000000fc700000,0x00000000fff80000)
 ParOldGen       total 424960K, used 167616K [0x00000000a0000000, 0x00000000b9f00000, 0x00000000e0000000)
  object space 424960K, 39% used [0x00000000a0000000,0x00000000aa3b0160,0x00000000b9f00000)
 Metaspace       used 95787K, capacity 99838K, committed 101376K, reserved 1136640K
  class space    used 12468K, capacity 13216K, committed 13568K, reserved 1048576K
}
Event: 316.499 GC heap before
{Heap before GC invocations=28 (full 4):
 PSYoungGen      total 459264K, used 408000K [0x00000000e0000000, 0x00000000fff80000, 0x0000000100000000)
  eden space 399872K, 100% used [0x00000000e0000000,0x00000000f8680000,0x00000000f8680000)
  from space 59392K, 13% used [0x00000000f8680000,0x00000000f8e70000,0x00000000fc080000)
  to   space 57856K, 0% used [0x00000000fc700000,0x00000000fc700000,0x00000000fff80000)
 ParOldGen       total 424960K, used 167616K [0x00000000a0000000, 0x00000000b9f00000, 0x00000000e0000000)
  object space 424960K, 39% used [0x00000000a0000000,0x00000000aa3b0160,0x00000000b9f00000)
 Metaspace       used 95845K, capacity 99906K, committed 101376K, reserved 1136640K
  class space    used 12468K, capacity 13216K, committed 13568K, reserved 1048576K
Event: 316.511 GC heap after
Heap after GC invocations=28 (full 4):
 PSYoungGen      total 460800K, used 4448K [0x00000000e0000000, 0x00000000ffb80000, 0x0000000100000000)
  eden space 407040K, 0% used [0x00000000e0000000,0x00000000e0000000,0x00000000f8d80000)
  from space 53760K, 8% used [0x00000000fc700000,0x00000000fcb58000,0x00000000ffb80000)
  to   space 56320K, 0% used [0x00000000f8d80000,0x00000000f8d80000,0x00000000fc480000)
 ParOldGen       total 424960K, used 175020K [0x00000000a0000000, 0x00000000b9f00000, 0x00000000e0000000)
  object space 424960K, 41% used [0x00000000a0000000,0x00000000aaaeb1a8,0x00000000b9f00000)
 Metaspace       used 95845K, capacity 99906K, committed 101376K, reserved 1136640K
  class space    used 12468K, capacity 13216K, committed 13568K, reserved 1048576K
}
Event: 316.992 GC heap before
{Heap before GC invocations=29 (full 4):
 PSYoungGen      total 460800K, used 411488K [0x00000000e0000000, 0x00000000ffb80000, 0x0000000100000000)
  eden space 407040K, 100% used [0x00000000e0000000,0x00000000f8d80000,0x00000000f8d80000)
  from space 53760K, 8% used [0x00000000fc700000,0x00000000fcb58000,0x00000000ffb80000)
  to   space 56320K, 0% used [0x00000000f8d80000,0x00000000f8d80000,0x00000000fc480000)
 ParOldGen       total 424960K, used 175020K [0x00000000a0000000, 0x00000000b9f00000, 0x00000000e0000000)
  object space 424960K, 41% used [0x00000000a0000000,0x00000000aaaeb1a8,0x00000000b9f00000)
 Metaspace       used 95850K, capacity 99906K, committed 101376K, reserved 1136640K
  class space    used 12468K, capacity 13216K, committed 13568K, reserved 1048576K
Event: 317.002 GC heap after
Heap after GC invocations=29 (full 4):
 PSYoungGen      total 463360K, used 6560K [0x00000000e0000000, 0x00000000ffe80000, 0x0000000100000000)
  eden space 407040K, 0% used [0x00000000e0000000,0x00000000e0000000,0x00000000f8d80000)
  from space 56320K, 11% used [0x00000000f8d80000,0x00000000f93e8000,0x00000000fc480000)
  to   space 54272K, 0% used [0x00000000fc980000,0x00000000fc980000,0x00000000ffe80000)
 ParOldGen       total 424960K, used 179260K [0x00000000a0000000, 0x00000000b9f00000, 0x00000000e0000000)
  object space 424960K, 42% used [0x00000000a0000000,0x00000000aaf0f1e8,0x00000000b9f00000)
 Metaspace       used 95850K, capacity 99906K, committed 101376K, reserved 1136640K
  class space    used 12468K, capacity 13216K, committed 13568K, reserved 1048576K
}
Event: 317.791 GC heap before
{Heap before GC invocations=30 (full 4):
 PSYoungGen      total 463360K, used 413600K [0x00000000e0000000, 0x00000000ffe80000, 0x0000000100000000)
  eden space 407040K, 100% used [0x00000000e0000000,0x00000000f8d80000,0x00000000f8d80000)
  from space 56320K, 11% used [0x00000000f8d80000,0x00000000f93e8000,0x00000000fc480000)
  to   space 54272K, 0% used [0x00000000fc980000,0x00000000fc980000,0x00000000ffe80000)
 ParOldGen       total 424960K, used 179260K [0x00000000a0000000, 0x00000000b9f00000, 0x00000000e0000000)
  object space 424960K, 42% used [0x00000000a0000000,0x00000000aaf0f1e8,0x00000000b9f00000)
 Metaspace       used 95900K, capacity 99970K, committed 101376K, reserved 1136640K
  class space    used 12468K, capacity 13216K, committed 13568K, reserved 1048576K
Event: 317.809 GC heap after
Heap after GC invocations=30 (full 4):
 PSYoungGen      total 462336K, used 8752K [0x00000000e0000000, 0x00000000ff900000, 0x0000000100000000)
  eden space 413696K, 0% used [0x00000000e0000000,0x00000000e0000000,0x00000000f9400000)
  from space 48640K, 17% used [0x00000000fc980000,0x00000000fd20c2f8,0x00000000ff900000)
  to   space 51712K, 0% used [0x00000000f9400000,0x00000000f9400000,0x00000000fc680000)
 ParOldGen       total 424960K, used 185124K [0x00000000a0000000, 0x00000000b9f00000, 0x00000000e0000000)
  object space 424960K, 43% used [0x00000000a0000000,0x00000000ab4c9208,0x00000000b9f00000)
 Metaspace       used 95900K, capacity 99970K, committed 101376K, reserved 1136640K
  class space    used 12468K, capacity 13216K, committed 13568K, reserved 1048576K
}

Deoptimization events (10 events):
Event: 327.836 Thread 0x000000001f07b000 Uncommon trap: reason=class_check action=maybe_recompile pc=0x0000000005c2b168 method=com.google.common.collect.Iterables.castOrCopyToCollection(Ljava/lang/Iterable;)Ljava/util/Collection; @ 1
Event: 327.838 Thread 0x000000001f07b000 Uncommon trap: reason=class_check action=maybe_recompile pc=0x000000000692b304 method=java.util.stream.Sink$ChainedReference.<init>(Ljava/util/stream/Sink;)V @ 9
Event: 327.838 Thread 0x000000001f07b000 Uncommon trap: reason=class_check action=maybe_recompile pc=0x000000000692b304 method=java.util.stream.Sink$ChainedReference.<init>(Ljava/util/stream/Sink;)V @ 9
Event: 327.855 Thread 0x000000001f07b000 Uncommon trap: reason=class_check action=maybe_recompile pc=0x0000000005c04668 method=com.google.common.collect.ImmutableMap.copyOf(Ljava/util/Map;)Lcom/google/common/collect/ImmutableMap; @ 49
Event: 327.855 Thread 0x000000001f07b000 Uncommon trap: reason=class_check action=maybe_recompile pc=0x0000000005c2b168 method=com.google.common.collect.Iterables.castOrCopyToCollection(Ljava/lang/Iterable;)Ljava/util/Collection; @ 1
Event: 327.862 Thread 0x000000001f07b000 Uncommon trap: reason=bimorphic action=maybe_recompile pc=0x0000000005039aa4 method=org.gradle.api.internal.collections.CollectionFilter.filter(Ljava/lang/Object;)Ljava/lang/Object; @ 27
Event: 327.862 Thread 0x000000001f07b000 Uncommon trap: reason=bimorphic action=maybe_recompile pc=0x0000000005039aa4 method=org.gradle.api.internal.collections.CollectionFilter.filter(Ljava/lang/Object;)Ljava/lang/Object; @ 27
Event: 327.862 Thread 0x000000001f07b000 Uncommon trap: reason=bimorphic action=maybe_recompile pc=0x0000000005039aa4 method=org.gradle.api.internal.collections.CollectionFilter.filter(Ljava/lang/Object;)Ljava/lang/Object; @ 27
Event: 327.862 Thread 0x000000001f07b000 Uncommon trap: reason=bimorphic action=maybe_recompile pc=0x0000000005039aa4 method=org.gradle.api.internal.collections.CollectionFilter.filter(Ljava/lang/Object;)Ljava/lang/Object; @ 27
Event: 327.891 Thread 0x0000000024941000 Uncommon trap: reason=class_check action=maybe_recompile pc=0x00000000038549cc method=java.lang.ThreadLocal.set(Ljava/lang/Object;)V @ 26

Classes redefined (0 events):
No events

Internal exceptions (10 events):
Event: 315.523 Thread 0x000000001f07b000 Exception <a 'java/lang/NoSuchMethodError': <clinit>> (0x00000000f1d37190) thrown at [D:\src\AOSP-openjdk-cygwin\jdk8u\hotspot\src\share\vm\prims\jni.cpp, line 1614]
Event: 315.678 Thread 0x000000001f080000 Exception <a 'sun/nio/fs/WindowsException'> (0x00000000e0655e08) thrown at [D:\src\AOSP-openjdk-cygwin\jdk8u\hotspot\src\share\vm\prims\jni.cpp, line 710]
Event: 316.253 Thread 0x000000001f07f800 Implicit null exception at 0x0000000005dcc373 to 0x0000000005dcde65
Event: 316.273 Thread 0x0000000024945800 Exception <a 'sun/nio/fs/WindowsException'> (0x00000000ec60e2c0) thrown at [D:\src\AOSP-openjdk-cygwin\jdk8u\hotspot\src\share\vm\prims\jni.cpp, line 710]
Event: 316.276 Thread 0x000000001f07f800 Implicit null exception at 0x0000000005dc5d0f to 0x0000000005dc7c0e
Event: 317.485 Thread 0x000000001f084000 Implicit null exception at 0x0000000005d5fa0f to 0x0000000005d5fb6d
Event: 317.603 Thread 0x000000001f084000 Exception <a 'sun/nio/fs/WindowsException'> (0x00000000f5e9fbb8) thrown at [D:\src\AOSP-openjdk-cygwin\jdk8u\hotspot\src\share\vm\prims\jni.cpp, line 710]
Event: 317.937 Thread 0x000000001f07f800 Exception <a 'sun/nio/fs/WindowsException'> (0x00000000e1129fc0) thrown at [D:\src\AOSP-openjdk-cygwin\jdk8u\hotspot\src\share\vm\prims\jni.cpp, line 710]
Event: 325.313 Thread 0x000000001ec25800 Exception <a 'java/lang/InterruptedException'> (0x00000000e21f3db8) thrown at [D:\src\AOSP-openjdk-cygwin\jdk8u\hotspot\src\share\vm\runtime\objectMonitor.cpp, line 1680]
Event: 327.875 Thread 0x000000001ec28000 Exception <a 'java/lang/InterruptedException'> (0x00000000e32820e0) thrown at [D:\src\AOSP-openjdk-cygwin\jdk8u\hotspot\src\share\vm\runtime\objectMonitor.cpp, line 1680]

Events (10 events):
Event: 327.869 Executing VM operation: RevokeBias
Event: 327.870 Executing VM operation: RevokeBias done
Event: 327.890 Thread 0x0000000024941000 Thread added: 0x0000000024941000
Event: 327.890 Executing VM operation: RevokeBias
Event: 327.891 Executing VM operation: RevokeBias done
Event: 327.891 Thread 0x0000000024941000 Uncommon trap: trap_request=0xffffffde fr.pc=0x00000000038549cc
Event: 327.891 Thread 0x0000000024941000 DEOPT PACKING pc=0x00000000038549cc sp=0x000000003141e3b0
Event: 327.891 Thread 0x0000000024941000 DEOPT UNPACKING pc=0x000000000360557b sp=0x000000003141e358 mode 2
Event: 327.892 Executing VM operation: RevokeBias
Event: 327.892 Executing VM operation: RevokeBias done


Dynamic libraries:
0x00007ff681a90000 - 0x00007ff681ac1000 	D:\as\jre\bin\java.exe
0x00007ffb00860000 - 0x00007ffb00a50000 	C:\WINDOWS\SYSTEM32\ntdll.dll
0x00007ffb001d0000 - 0x00007ffb00282000 	C:\WINDOWS\System32\KERNEL32.DLL
0x00007ffafd870000 - 0x00007ffafdb13000 	C:\WINDOWS\System32\KERNELBASE.dll
0x00007ffb00310000 - 0x00007ffb003b3000 	C:\WINDOWS\System32\ADVAPI32.dll
0x00007ffafff20000 - 0x00007ffafffbe000 	C:\WINDOWS\System32\msvcrt.dll
0x00007ffaff5f0000 - 0x00007ffaff687000 	C:\WINDOWS\System32\sechost.dll
0x00007ffb003c0000 - 0x00007ffb004e0000 	C:\WINDOWS\System32\RPCRT4.dll
0x00007ffb004e0000 - 0x00007ffb00674000 	C:\WINDOWS\System32\USER32.dll
0x00007ffafde80000 - 0x00007ffafdea1000 	C:\WINDOWS\System32\win32u.dll
0x00007ffaff760000 - 0x00007ffaff786000 	C:\WINDOWS\System32\GDI32.dll
0x00007ffafe750000 - 0x00007ffafe8e4000 	C:\WINDOWS\System32\gdi32full.dll
0x00007ffafdeb0000 - 0x00007ffafdf4e000 	C:\WINDOWS\System32\msvcp_win.dll
0x00007ffafdb20000 - 0x00007ffafdc1a000 	C:\WINDOWS\System32\ucrtbase.dll
0x00007ffaf1720000 - 0x00007ffaf19a5000 	C:\WINDOWS\WinSxS\amd64_microsoft.windows.common-controls_6595b64144ccf1df_6.0.18362.476_none_e6c4b11b130f2595\COMCTL32.dll
0x00007ffaff0d0000 - 0x00007ffaff406000 	C:\WINDOWS\System32\combase.dll
0x00007ffafd7f0000 - 0x00007ffafd870000 	C:\WINDOWS\System32\bcryptPrimitives.dll
0x00007ffb00050000 - 0x00007ffb0007e000 	C:\WINDOWS\System32\IMM32.DLL
0x000000005a790000 - 0x000000005a862000 	D:\as\jre\jre\bin\msvcr100.dll
0x000000005a870000 - 0x000000005b0b6000 	D:\as\jre\jre\bin\server\jvm.dll
0x00007ffaff790000 - 0x00007ffaff798000 	C:\WINDOWS\System32\PSAPI.DLL
0x00007ffae85d0000 - 0x00007ffae85d9000 	C:\WINDOWS\SYSTEM32\WSOCK32.dll
0x00007ffafb680000 - 0x00007ffafb6a4000 	C:\WINDOWS\SYSTEM32\WINMM.dll
0x00007ffafffc0000 - 0x00007ffb0002f000 	C:\WINDOWS\System32\WS2_32.dll
0x00007ffaf5f50000 - 0x00007ffaf5f5a000 	C:\WINDOWS\SYSTEM32\VERSION.dll
0x00007ffafb200000 - 0x00007ffafb22d000 	C:\WINDOWS\SYSTEM32\WINMMBASE.dll
0x00007ffafe6d0000 - 0x00007ffafe71a000 	C:\WINDOWS\System32\cfgmgr32.dll
0x00007ffafb880000 - 0x00007ffafb88f000 	D:\as\jre\jre\bin\verify.dll
0x00007ffaf23a0000 - 0x00007ffaf23c9000 	D:\as\jre\jre\bin\java.dll
0x00007ffaedb40000 - 0x00007ffaedb56000 	D:\as\jre\jre\bin\zip.dll
0x00007ffafe910000 - 0x00007ffafeff5000 	C:\WINDOWS\System32\SHELL32.dll
0x00007ffaff7a0000 - 0x00007ffaff849000 	C:\WINDOWS\System32\shcore.dll
0x00007ffafdf50000 - 0x00007ffafe6ce000 	C:\WINDOWS\System32\windows.storage.dll
0x00007ffafd760000 - 0x00007ffafd77f000 	C:\WINDOWS\System32\profapi.dll
0x00007ffafd7a0000 - 0x00007ffafd7ea000 	C:\WINDOWS\System32\powrprof.dll
0x00007ffafd730000 - 0x00007ffafd740000 	C:\WINDOWS\System32\UMPDC.dll
0x00007ffb00110000 - 0x00007ffb00162000 	C:\WINDOWS\System32\shlwapi.dll
0x00007ffafd740000 - 0x00007ffafd751000 	C:\WINDOWS\System32\kernel.appcore.dll
0x00007ffafe8f0000 - 0x00007ffafe907000 	C:\WINDOWS\System32\cryptsp.dll
0x00007ffaedaf0000 - 0x00007ffaedb0a000 	D:\as\jre\jre\bin\net.dll
0x00007ffafcfa0000 - 0x00007ffafd007000 	C:\WINDOWS\system32\mswsock.dll
0x00007ffaeda40000 - 0x00007ffaeda51000 	D:\as\jre\jre\bin\nio.dll
0x00007ffaec7c0000 - 0x00007ffaec7e6000 	C:\Users\Administrator\.gradle\native\29\windows-amd64\native-platform.dll
0x00007ffaf9ea0000 - 0x00007ffaf9ead000 	D:\as\jre\jre\bin\management.dll
0x00007ffafcab0000 - 0x00007ffafcae3000 	C:\WINDOWS\system32\rsaenh.dll
0x00007ffafe720000 - 0x00007ffafe746000 	C:\WINDOWS\System32\bcrypt.dll
0x00007ffafd620000 - 0x00007ffafd645000 	C:\WINDOWS\SYSTEM32\USERENV.dll
0x00007ffafd170000 - 0x00007ffafd17c000 	C:\WINDOWS\SYSTEM32\CRYPTBASE.dll
0x00007ffafcc50000 - 0x00007ffafcc8a000 	C:\WINDOWS\SYSTEM32\IPHLPAPI.DLL
0x00007ffb00080000 - 0x00007ffb00088000 	C:\WINDOWS\System32\NSI.dll
0x00007ffaf6e50000 - 0x00007ffaf6e66000 	C:\WINDOWS\SYSTEM32\dhcpcsvc6.DLL
0x00007ffaf6e30000 - 0x00007ffaf6e4c000 	C:\WINDOWS\SYSTEM32\dhcpcsvc.DLL
0x00007ffafcc90000 - 0x00007ffafcd5a000 	C:\WINDOWS\SYSTEM32\DNSAPI.dll
0x00007ffaf87e0000 - 0x00007ffaf87fe000 	C:\Users\Administrator\AppData\Local\Temp\native-platform7748210074068271674dir\native-platform.dll

VM Arguments:
jvm_args: -Xmx1536m -Dfile.encoding=GBK -Duser.country=CN -Duser.language=zh -Duser.variant 
java_command: org.gradle.launcher.daemon.bootstrap.GradleDaemon 5.4.1
java_class_path (initial): C:\Users\Administrator\.gradle\wrapper\dists\gradle-5.4.1-all\3221gyojl5jsh0helicew7rwx\gradle-5.4.1\lib\gradle-launcher-5.4.1.jar
Launcher Type: SUN_STANDARD

Environment Variables:
JAVA_HOME=C:\Program Files\Java\jdk1.8.0_191
CLASSPATH=C:\Program Files\Java\jdk1.8.0_191\lib\dt.jar;C:\Program Files\Java\jdk1.8.0_191\lib\tools.jar;D:\Tomcat\apache-tomcat-8.5.35\lib\servlet-api.jar;
PATH=C:\Program Files (x86)\Common Files\Intel\Shared Libraries\redist\intel64\compiler;D:\python3.7.2\Scripts\;D:\python3.7.2\;D:\Xshell\;C:\Program Files (x86)\Common Files\Oracle\Java\javapath;"C:\Program Files\Java\jdk1.8.0_191\bin;";C:\WINDOWS\system32;C:\WINDOWS;C:\ProgramData\Oracle\Java\javapath;C:\Program Files\Microsoft MPI\Bin\;C:\Windows\system32;C:\Windows;C:\Windows\System32\Wbem;C:\Windows\System32\WindowsPowerShell\v1.0\;C:\Program Files\dotnet\;C:\Program Files\Microsoft SQL Server\130\Tools\Binn\;C:\Program Files\Git\cmd;C:\Program Files (x86)\GtkSharp\2.12\bin;C:\Program Files (x86)\NVIDIA Corporation\PhysX\Common;C:\Program Files\Java\jdk1.8.0_191\bin;C:\Program Files\Java\jdk1.8.0_191\jre\bin;C:\WINDOWS\System32\Wbem;C:\WINDOWS\System32\WindowsPowerShell\v1.0\;C:\WINDOWS\System32\OpenSSH\;D:\MySQL\MySQL Server 5.7\bin;D:\Tomcat\apache-tomcat-8.5.35\bin;D:\Tomcat\apache-tomcat-8.5.35\lib;D:\maven\apache-maven-3.6.0\bin\;C:\Program Files\NVIDIA Corporation\NVIDIA NvDLISR;D:\python3.7.2\Graphviz-2.38\bin;D:\python3.7.2\Graphviz-2.38;C:\Program Files (x86)\Microsoft SQL Server\110\Tools\Binn\;C:\Program Files\Microsoft SQL Server\110\Tools\Binn\;C:\Program Files\Microsoft SQL Server\110\DTS\Binn\;C:\WINDOWS\system32;C:\WINDOWS;C:\WINDOWS\System32\Wbem;C:\WINDOWS\System32\WindowsPowerShell\v1.0\;C:\WINDOWS\System32\OpenSSH\;D:\matlab2019\bin;C:\Users\Administrator\AppData\Local\Microsoft\WindowsApps;E:\Bandizip\;%JAVA_HOME&\bin;C:\Users\Administrator\AppData\Local\GitHubDesktop\bin
USERNAME=Administrator
OS=Windows_NT
PROCESSOR_IDENTIFIER=AMD64 Family 23 Model 1 Stepping 1, AuthenticAMD



---------------  S Y S T E M  ---------------

OS: Windows 10.0 , 64 bit Build 18362 (10.0.18362.329)

CPU:total 12 (initial active 12) (12 cores per cpu, 1 threads per core) family 23 model 1 stepping 1, cmov, cx8, fxsr, mmx, sse, sse2, sse3, ssse3, sse4.1, sse4.2, popcnt, avx, avx2, aes, clmul, mmxext, 3dnowpref, lzcnt, sse4a, tsc, tscinvbit, tscinv, bmi1

Memory: 4k page, physical 16710592k(3263208k free), swap 16710592k(5484k free)

vm_info: OpenJDK 64-Bit Server VM (25.202-b03) for windows-amd64 JRE (1.8.0_202-release-1483-b03), built by "builder" with MS VC++ 10.0 (VS2010)

time: Mon Dec 02 16:15:18 2019
timezone: 中国标准时间
elapsed time: 328 seconds (0d 0h 5m 28s)

